2023-02-09 14:56:30,740 INFO 5251 [egg-schedule]: register schedule /Users/HJY/Desktop/work-study/NodeEgg/node_modules/egg-multipart/app/schedule/clean_tmpdir.js
2023-02-09 14:56:30,741 INFO 5251 [egg-schedule]: register schedule /Users/HJY/Desktop/work-study/NodeEgg/node_modules/egg-logrotator/app/schedule/clean_log.js
2023-02-09 14:56:30,741 INFO 5251 [egg-schedule]: register schedule /Users/HJY/Desktop/work-study/NodeEgg/node_modules/egg-logrotator/app/schedule/rotate_by_file.js
2023-02-09 14:56:30,899 INFO 5246 [Timer] /Users/HJY/Desktop/work-study/NodeEgg/node_modules/egg-multipart/app/schedule/clean_tmpdir.js next time will execute after 48809104ms at 2023-02-10 04:30:00.003
2023-02-09 14:56:30,899 INFO 5246 [Timer] /Users/HJY/Desktop/work-study/NodeEgg/node_modules/egg-logrotator/app/schedule/clean_log.js next time will execute after 32609101ms at 2023-02-10 00:00:00.000
2023-02-09 14:56:30,899 INFO 5246 [Timer] /Users/HJY/Desktop/work-study/NodeEgg/node_modules/egg-logrotator/app/schedule/rotate_by_file.js next time will execute after 32610101ms at 2023-02-10 00:00:01.000
2023-02-09 14:57:45,736 INFO 5273 [egg-schedule]: register schedule /Users/HJY/Desktop/work-study/NodeEgg/node_modules/egg-multipart/app/schedule/clean_tmpdir.js
2023-02-09 14:57:45,736 INFO 5273 [egg-schedule]: register schedule /Users/HJY/Desktop/work-study/NodeEgg/node_modules/egg-logrotator/app/schedule/clean_log.js
2023-02-09 14:57:45,736 INFO 5273 [egg-schedule]: register schedule /Users/HJY/Desktop/work-study/NodeEgg/node_modules/egg-logrotator/app/schedule/rotate_by_file.js
2023-02-09 14:57:53,835 INFO 5289 [Timer] /Users/HJY/Desktop/work-study/NodeEgg/node_modules/egg-multipart/app/schedule/clean_tmpdir.js next time will execute after 48726169ms at 2023-02-10 04:30:00.004
2023-02-09 14:57:53,835 INFO 5289 [Timer] /Users/HJY/Desktop/work-study/NodeEgg/node_modules/egg-logrotator/app/schedule/clean_log.js next time will execute after 32526165ms at 2023-02-10 00:00:00.000
2023-02-09 14:57:53,836 INFO 5289 [Timer] /Users/HJY/Desktop/work-study/NodeEgg/node_modules/egg-logrotator/app/schedule/rotate_by_file.js next time will execute after 32527165ms at 2023-02-10 00:00:01.001
2023-02-09 14:57:53,632 INFO 5290 [egg-schedule]: register schedule /Users/HJY/Desktop/work-study/NodeEgg/node_modules/egg-multipart/app/schedule/clean_tmpdir.js
2023-02-09 14:57:53,632 INFO 5290 [egg-schedule]: register schedule /Users/HJY/Desktop/work-study/NodeEgg/node_modules/egg-logrotator/app/schedule/clean_log.js
2023-02-09 14:57:53,632 INFO 5290 [egg-schedule]: register schedule /Users/HJY/Desktop/work-study/NodeEgg/node_modules/egg-logrotator/app/schedule/rotate_by_file.js
2023-02-09 15:00:42,235 INFO 5319 [egg-schedule]: register schedule /Users/HJY/Desktop/work-study/NodeEgg/node_modules/egg-multipart/app/schedule/clean_tmpdir.js
2023-02-09 15:00:42,235 INFO 5319 [egg-schedule]: register schedule /Users/HJY/Desktop/work-study/NodeEgg/node_modules/egg-logrotator/app/schedule/clean_log.js
2023-02-09 15:00:42,235 INFO 5319 [egg-schedule]: register schedule /Users/HJY/Desktop/work-study/NodeEgg/node_modules/egg-logrotator/app/schedule/rotate_by_file.js
2023-02-09 15:04:08,796 INFO 5379 [egg-schedule]: register schedule /Users/HJY/Desktop/work-study/NodeEgg/node_modules/egg-multipart/app/schedule/clean_tmpdir.js
2023-02-09 15:04:08,797 INFO 5379 [egg-schedule]: register schedule /Users/HJY/Desktop/work-study/NodeEgg/node_modules/egg-logrotator/app/schedule/clean_log.js
2023-02-09 15:04:08,797 INFO 5379 [egg-schedule]: register schedule /Users/HJY/Desktop/work-study/NodeEgg/node_modules/egg-logrotator/app/schedule/rotate_by_file.js
2023-02-09 15:04:18,752 INFO 5405 [Timer] /Users/HJY/Desktop/work-study/NodeEgg/node_modules/egg-multipart/app/schedule/clean_tmpdir.js next time will execute after 48341252ms at 2023-02-10 04:30:00.004
2023-02-09 15:04:18,753 INFO 5405 [Timer] /Users/HJY/Desktop/work-study/NodeEgg/node_modules/egg-logrotator/app/schedule/clean_log.js next time will execute after 32141247ms at 2023-02-10 00:00:00.000
2023-02-09 15:04:18,753 INFO 5405 [Timer] /Users/HJY/Desktop/work-study/NodeEgg/node_modules/egg-logrotator/app/schedule/rotate_by_file.js next time will execute after 32142247ms at 2023-02-10 00:00:01.000
2023-02-09 15:04:18,571 INFO 5406 [egg-schedule]: register schedule /Users/HJY/Desktop/work-study/NodeEgg/node_modules/egg-multipart/app/schedule/clean_tmpdir.js
2023-02-09 15:04:18,572 INFO 5406 [egg-schedule]: register schedule /Users/HJY/Desktop/work-study/NodeEgg/node_modules/egg-logrotator/app/schedule/clean_log.js
2023-02-09 15:04:18,572 INFO 5406 [egg-schedule]: register schedule /Users/HJY/Desktop/work-study/NodeEgg/node_modules/egg-logrotator/app/schedule/rotate_by_file.js
2023-02-09 15:05:57,166 INFO 5430 [egg-schedule]: register schedule /Users/HJY/Desktop/work-study/NodeEgg/node_modules/egg-multipart/app/schedule/clean_tmpdir.js
2023-02-09 15:05:57,167 INFO 5430 [egg-schedule]: register schedule /Users/HJY/Desktop/work-study/NodeEgg/node_modules/egg-logrotator/app/schedule/clean_log.js
2023-02-09 15:05:57,167 INFO 5430 [egg-schedule]: register schedule /Users/HJY/Desktop/work-study/NodeEgg/node_modules/egg-logrotator/app/schedule/rotate_by_file.js
2023-02-09 15:07:02,714 INFO 5456 [egg-schedule]: register schedule /Users/HJY/Desktop/work-study/NodeEgg/node_modules/egg-multipart/app/schedule/clean_tmpdir.js
2023-02-09 15:07:02,715 INFO 5456 [egg-schedule]: register schedule /Users/HJY/Desktop/work-study/NodeEgg/node_modules/egg-logrotator/app/schedule/clean_log.js
2023-02-09 15:07:02,715 INFO 5456 [egg-schedule]: register schedule /Users/HJY/Desktop/work-study/NodeEgg/node_modules/egg-logrotator/app/schedule/rotate_by_file.js
2023-02-09 15:08:19,696 INFO 5476 [egg-schedule]: register schedule /Users/HJY/Desktop/work-study/NodeEgg/node_modules/egg-multipart/app/schedule/clean_tmpdir.js
2023-02-09 15:08:19,697 INFO 5476 [egg-schedule]: register schedule /Users/HJY/Desktop/work-study/NodeEgg/node_modules/egg-logrotator/app/schedule/clean_log.js
2023-02-09 15:08:19,697 INFO 5476 [egg-schedule]: register schedule /Users/HJY/Desktop/work-study/NodeEgg/node_modules/egg-logrotator/app/schedule/rotate_by_file.js
2023-02-09 15:08:37,192 INFO 5485 [egg-schedule]: register schedule /Users/HJY/Desktop/work-study/NodeEgg/node_modules/egg-multipart/app/schedule/clean_tmpdir.js
2023-02-09 15:08:37,193 INFO 5485 [egg-schedule]: register schedule /Users/HJY/Desktop/work-study/NodeEgg/node_modules/egg-logrotator/app/schedule/clean_log.js
2023-02-09 15:08:37,193 INFO 5485 [egg-schedule]: register schedule /Users/HJY/Desktop/work-study/NodeEgg/node_modules/egg-logrotator/app/schedule/rotate_by_file.js
2023-02-09 15:10:47,236 INFO 5507 [egg-schedule]: register schedule /Users/HJY/Desktop/work-study/NodeEgg/node_modules/egg-multipart/app/schedule/clean_tmpdir.js
2023-02-09 15:10:47,236 INFO 5507 [egg-schedule]: register schedule /Users/HJY/Desktop/work-study/NodeEgg/node_modules/egg-logrotator/app/schedule/clean_log.js
2023-02-09 15:10:47,236 INFO 5507 [egg-schedule]: register schedule /Users/HJY/Desktop/work-study/NodeEgg/node_modules/egg-logrotator/app/schedule/rotate_by_file.js
2023-02-09 15:12:40,530 INFO 5551 [egg-schedule]: register schedule /Users/HJY/Desktop/work-study/NodeEgg/node_modules/egg-multipart/app/schedule/clean_tmpdir.js
2023-02-09 15:12:40,530 INFO 5551 [egg-schedule]: register schedule /Users/HJY/Desktop/work-study/NodeEgg/node_modules/egg-logrotator/app/schedule/clean_log.js
2023-02-09 15:12:40,530 INFO 5551 [egg-schedule]: register schedule /Users/HJY/Desktop/work-study/NodeEgg/node_modules/egg-logrotator/app/schedule/rotate_by_file.js
2023-02-09 15:12:40,768 INFO 5548 [Timer] /Users/HJY/Desktop/work-study/NodeEgg/node_modules/egg-multipart/app/schedule/clean_tmpdir.js next time will execute after 47839235ms at 2023-02-10 04:30:00.003
2023-02-09 15:12:40,768 INFO 5548 [Timer] /Users/HJY/Desktop/work-study/NodeEgg/node_modules/egg-logrotator/app/schedule/clean_log.js next time will execute after 31639232ms at 2023-02-10 00:00:00.000
2023-02-09 15:12:40,768 INFO 5548 [Timer] /Users/HJY/Desktop/work-study/NodeEgg/node_modules/egg-logrotator/app/schedule/rotate_by_file.js next time will execute after 31640232ms at 2023-02-10 00:00:01.000
2023-02-09 15:13:05,771 INFO 5558 [egg-schedule]: register schedule /Users/HJY/Desktop/work-study/NodeEgg/node_modules/egg-multipart/app/schedule/clean_tmpdir.js
2023-02-09 15:13:05,771 INFO 5558 [egg-schedule]: register schedule /Users/HJY/Desktop/work-study/NodeEgg/node_modules/egg-logrotator/app/schedule/clean_log.js
2023-02-09 15:13:05,771 INFO 5558 [egg-schedule]: register schedule /Users/HJY/Desktop/work-study/NodeEgg/node_modules/egg-logrotator/app/schedule/rotate_by_file.js
2023-02-09 15:13:14,268 INFO 5574 [Timer] /Users/HJY/Desktop/work-study/NodeEgg/node_modules/egg-multipart/app/schedule/clean_tmpdir.js next time will execute after 47805735ms at 2023-02-10 04:30:00.003
2023-02-09 15:13:14,269 INFO 5574 [Timer] /Users/HJY/Desktop/work-study/NodeEgg/node_modules/egg-logrotator/app/schedule/clean_log.js next time will execute after 31605732ms at 2023-02-10 00:00:00.001
2023-02-09 15:13:14,269 INFO 5574 [Timer] /Users/HJY/Desktop/work-study/NodeEgg/node_modules/egg-logrotator/app/schedule/rotate_by_file.js next time will execute after 31606731ms at 2023-02-10 00:00:01.000
2023-02-09 15:13:14,096 INFO 5575 [egg-schedule]: register schedule /Users/HJY/Desktop/work-study/NodeEgg/node_modules/egg-multipart/app/schedule/clean_tmpdir.js
2023-02-09 15:13:14,096 INFO 5575 [egg-schedule]: register schedule /Users/HJY/Desktop/work-study/NodeEgg/node_modules/egg-logrotator/app/schedule/clean_log.js
2023-02-09 15:13:14,096 INFO 5575 [egg-schedule]: register schedule /Users/HJY/Desktop/work-study/NodeEgg/node_modules/egg-logrotator/app/schedule/rotate_by_file.js
2023-02-09 15:15:12,338 INFO 5595 [egg-schedule]: register schedule /Users/HJY/Desktop/work-study/NodeEgg/node_modules/egg-multipart/app/schedule/clean_tmpdir.js
2023-02-09 15:15:12,338 INFO 5595 [egg-schedule]: register schedule /Users/HJY/Desktop/work-study/NodeEgg/node_modules/egg-logrotator/app/schedule/clean_log.js
2023-02-09 15:15:12,338 INFO 5595 [egg-schedule]: register schedule /Users/HJY/Desktop/work-study/NodeEgg/node_modules/egg-logrotator/app/schedule/rotate_by_file.js
2023-02-09 15:18:06,287 INFO 5629 [egg-schedule]: register schedule /Users/HJY/Desktop/work-study/NodeEgg/node_modules/egg-multipart/app/schedule/clean_tmpdir.js
2023-02-09 15:18:06,287 INFO 5629 [egg-schedule]: register schedule /Users/HJY/Desktop/work-study/NodeEgg/node_modules/egg-logrotator/app/schedule/clean_log.js
2023-02-09 15:18:06,287 INFO 5629 [egg-schedule]: register schedule /Users/HJY/Desktop/work-study/NodeEgg/node_modules/egg-logrotator/app/schedule/rotate_by_file.js
2023-02-09 15:18:17,029 INFO 5651 [Timer] /Users/HJY/Desktop/work-study/NodeEgg/node_modules/egg-multipart/app/schedule/clean_tmpdir.js next time will execute after 47502975ms at 2023-02-10 04:30:00.003
2023-02-09 15:18:17,029 INFO 5651 [Timer] /Users/HJY/Desktop/work-study/NodeEgg/node_modules/egg-logrotator/app/schedule/clean_log.js next time will execute after 31302971ms at 2023-02-10 00:00:00.000
2023-02-09 15:18:17,030 INFO 5651 [Timer] /Users/HJY/Desktop/work-study/NodeEgg/node_modules/egg-logrotator/app/schedule/rotate_by_file.js next time will execute after 31303971ms at 2023-02-10 00:00:01.001
2023-02-09 15:18:16,821 INFO 5654 [egg-schedule]: register schedule /Users/HJY/Desktop/work-study/NodeEgg/node_modules/egg-multipart/app/schedule/clean_tmpdir.js
2023-02-09 15:18:16,822 INFO 5654 [egg-schedule]: register schedule /Users/HJY/Desktop/work-study/NodeEgg/node_modules/egg-logrotator/app/schedule/clean_log.js
2023-02-09 15:18:16,822 INFO 5654 [egg-schedule]: register schedule /Users/HJY/Desktop/work-study/NodeEgg/node_modules/egg-logrotator/app/schedule/rotate_by_file.js
2023-02-09 15:20:00,945 INFO 5670 [egg-schedule]: register schedule /Users/HJY/Desktop/work-study/NodeEgg/node_modules/egg-multipart/app/schedule/clean_tmpdir.js
2023-02-09 15:20:00,945 INFO 5670 [egg-schedule]: register schedule /Users/HJY/Desktop/work-study/NodeEgg/node_modules/egg-logrotator/app/schedule/clean_log.js
2023-02-09 15:20:00,945 INFO 5670 [egg-schedule]: register schedule /Users/HJY/Desktop/work-study/NodeEgg/node_modules/egg-logrotator/app/schedule/rotate_by_file.js
2023-02-09 15:20:42,616 INFO 5689 [egg-schedule]: register schedule /Users/HJY/Desktop/work-study/NodeEgg/node_modules/egg-multipart/app/schedule/clean_tmpdir.js
2023-02-09 15:20:42,616 INFO 5689 [egg-schedule]: register schedule /Users/HJY/Desktop/work-study/NodeEgg/node_modules/egg-logrotator/app/schedule/clean_log.js
2023-02-09 15:20:42,616 INFO 5689 [egg-schedule]: register schedule /Users/HJY/Desktop/work-study/NodeEgg/node_modules/egg-logrotator/app/schedule/rotate_by_file.js
2023-02-09 15:21:44,955 INFO 5704 [egg-schedule]: register schedule /Users/HJY/Desktop/work-study/NodeEgg/node_modules/egg-multipart/app/schedule/clean_tmpdir.js
2023-02-09 15:21:44,955 INFO 5704 [egg-schedule]: register schedule /Users/HJY/Desktop/work-study/NodeEgg/node_modules/egg-logrotator/app/schedule/clean_log.js
2023-02-09 15:21:44,955 INFO 5704 [egg-schedule]: register schedule /Users/HJY/Desktop/work-study/NodeEgg/node_modules/egg-logrotator/app/schedule/rotate_by_file.js
2023-02-09 15:21:58,964 INFO 5718 [egg-schedule]: register schedule /Users/HJY/Desktop/work-study/NodeEgg/node_modules/egg-multipart/app/schedule/clean_tmpdir.js
2023-02-09 15:21:58,964 INFO 5718 [egg-schedule]: register schedule /Users/HJY/Desktop/work-study/NodeEgg/node_modules/egg-logrotator/app/schedule/clean_log.js
2023-02-09 15:21:58,964 INFO 5718 [egg-schedule]: register schedule /Users/HJY/Desktop/work-study/NodeEgg/node_modules/egg-logrotator/app/schedule/rotate_by_file.js
2023-02-09 15:22:34,133 INFO 5727 [egg-schedule]: register schedule /Users/HJY/Desktop/work-study/NodeEgg/node_modules/egg-multipart/app/schedule/clean_tmpdir.js
2023-02-09 15:22:34,133 INFO 5727 [egg-schedule]: register schedule /Users/HJY/Desktop/work-study/NodeEgg/node_modules/egg-logrotator/app/schedule/clean_log.js
2023-02-09 15:22:34,133 INFO 5727 [egg-schedule]: register schedule /Users/HJY/Desktop/work-study/NodeEgg/node_modules/egg-logrotator/app/schedule/rotate_by_file.js
2023-02-09 15:22:53,373 INFO 5732 [egg-schedule]: register schedule /Users/HJY/Desktop/work-study/NodeEgg/node_modules/egg-multipart/app/schedule/clean_tmpdir.js
2023-02-09 15:22:53,373 INFO 5732 [egg-schedule]: register schedule /Users/HJY/Desktop/work-study/NodeEgg/node_modules/egg-logrotator/app/schedule/clean_log.js
2023-02-09 15:22:53,373 INFO 5732 [egg-schedule]: register schedule /Users/HJY/Desktop/work-study/NodeEgg/node_modules/egg-logrotator/app/schedule/rotate_by_file.js
2023-02-09 15:23:18,914 INFO 5739 [egg-schedule]: register schedule /Users/HJY/Desktop/work-study/NodeEgg/node_modules/egg-multipart/app/schedule/clean_tmpdir.js
2023-02-09 15:23:18,914 INFO 5739 [egg-schedule]: register schedule /Users/HJY/Desktop/work-study/NodeEgg/node_modules/egg-logrotator/app/schedule/clean_log.js
2023-02-09 15:23:18,914 INFO 5739 [egg-schedule]: register schedule /Users/HJY/Desktop/work-study/NodeEgg/node_modules/egg-logrotator/app/schedule/rotate_by_file.js
2023-02-09 15:28:32,179 INFO 5768 [egg-schedule]: register schedule /Users/HJY/Desktop/work-study/NodeEgg/node_modules/egg-multipart/app/schedule/clean_tmpdir.js
2023-02-09 15:28:32,179 INFO 5768 [egg-schedule]: register schedule /Users/HJY/Desktop/work-study/NodeEgg/node_modules/egg-logrotator/app/schedule/clean_log.js
2023-02-09 15:28:32,179 INFO 5768 [egg-schedule]: register schedule /Users/HJY/Desktop/work-study/NodeEgg/node_modules/egg-logrotator/app/schedule/rotate_by_file.js
2023-02-09 15:28:33,679 INFO 5776 [egg-schedule]: register schedule /Users/HJY/Desktop/work-study/NodeEgg/node_modules/egg-multipart/app/schedule/clean_tmpdir.js
2023-02-09 15:28:33,679 INFO 5776 [egg-schedule]: register schedule /Users/HJY/Desktop/work-study/NodeEgg/node_modules/egg-logrotator/app/schedule/clean_log.js
2023-02-09 15:28:33,679 INFO 5776 [egg-schedule]: register schedule /Users/HJY/Desktop/work-study/NodeEgg/node_modules/egg-logrotator/app/schedule/rotate_by_file.js
2023-02-09 15:34:28,272 INFO 5824 [egg-schedule]: register schedule /Users/HJY/Desktop/work-study/NodeEgg/node_modules/egg-multipart/app/schedule/clean_tmpdir.js
2023-02-09 15:34:28,272 INFO 5824 [egg-schedule]: register schedule /Users/HJY/Desktop/work-study/NodeEgg/node_modules/egg-logrotator/app/schedule/clean_log.js
2023-02-09 15:34:28,272 INFO 5824 [egg-schedule]: register schedule /Users/HJY/Desktop/work-study/NodeEgg/node_modules/egg-logrotator/app/schedule/rotate_by_file.js
2023-02-10 10:11:25,222 INFO 1102 [egg-schedule]: register schedule /Users/HJY/Desktop/work-study/NodeEgg/node_modules/egg-multipart/app/schedule/clean_tmpdir.js
2023-02-10 10:11:25,222 INFO 1102 [egg-schedule]: register schedule /Users/HJY/Desktop/work-study/NodeEgg/node_modules/egg-logrotator/app/schedule/clean_log.js
2023-02-10 10:11:25,222 INFO 1102 [egg-schedule]: register schedule /Users/HJY/Desktop/work-study/NodeEgg/node_modules/egg-logrotator/app/schedule/rotate_by_file.js
2023-02-10 10:11:25,473 INFO 1096 [Timer] /Users/HJY/Desktop/work-study/NodeEgg/node_modules/egg-multipart/app/schedule/clean_tmpdir.js next time will execute after 65914529ms at 2023-02-11 04:30:00.002
2023-02-10 10:11:25,474 INFO 1096 [Timer] /Users/HJY/Desktop/work-study/NodeEgg/node_modules/egg-logrotator/app/schedule/clean_log.js next time will execute after 49714526ms at 2023-02-11 00:00:00.000
2023-02-10 10:11:25,474 INFO 1096 [Timer] /Users/HJY/Desktop/work-study/NodeEgg/node_modules/egg-logrotator/app/schedule/rotate_by_file.js next time will execute after 49715526ms at 2023-02-11 00:00:01.000
2023-02-10 10:22:05,333 INFO 1282 [egg-schedule]: register schedule /Users/HJY/Desktop/work-study/NodeEgg/node_modules/egg-multipart/app/schedule/clean_tmpdir.js
2023-02-10 10:22:05,334 INFO 1282 [egg-schedule]: register schedule /Users/HJY/Desktop/work-study/NodeEgg/node_modules/egg-logrotator/app/schedule/clean_log.js
2023-02-10 10:22:05,334 INFO 1282 [egg-schedule]: register schedule /Users/HJY/Desktop/work-study/NodeEgg/node_modules/egg-logrotator/app/schedule/rotate_by_file.js
2023-02-10 10:22:05,509 INFO 1281 [Timer] /Users/HJY/Desktop/work-study/NodeEgg/node_modules/egg-multipart/app/schedule/clean_tmpdir.js next time will execute after 65274494ms at 2023-02-11 04:30:00.003
2023-02-10 10:22:05,510 INFO 1281 [Timer] /Users/HJY/Desktop/work-study/NodeEgg/node_modules/egg-logrotator/app/schedule/clean_log.js next time will execute after 49074491ms at 2023-02-11 00:00:00.001
2023-02-10 10:22:05,511 INFO 1281 [Timer] /Users/HJY/Desktop/work-study/NodeEgg/node_modules/egg-logrotator/app/schedule/rotate_by_file.js next time will execute after 49075490ms at 2023-02-11 00:00:01.001
2023-02-10 10:23:41,312 INFO 1293 [egg-schedule]: register schedule /Users/HJY/Desktop/work-study/NodeEgg/node_modules/egg-multipart/app/schedule/clean_tmpdir.js
2023-02-10 10:23:41,312 INFO 1293 [egg-schedule]: register schedule /Users/HJY/Desktop/work-study/NodeEgg/node_modules/egg-logrotator/app/schedule/clean_log.js
2023-02-10 10:23:41,312 INFO 1293 [egg-schedule]: register schedule /Users/HJY/Desktop/work-study/NodeEgg/node_modules/egg-logrotator/app/schedule/rotate_by_file.js
2023-02-10 10:24:24,935 INFO 1334 [Timer] /Users/HJY/Desktop/work-study/NodeEgg/node_modules/egg-multipart/app/schedule/clean_tmpdir.js next time will execute after 65135068ms at 2023-02-11 04:30:00.003
2023-02-10 10:24:24,936 INFO 1334 [Timer] /Users/HJY/Desktop/work-study/NodeEgg/node_modules/egg-logrotator/app/schedule/clean_log.js next time will execute after 48935065ms at 2023-02-11 00:00:00.001
2023-02-10 10:24:24,937 INFO 1334 [Timer] /Users/HJY/Desktop/work-study/NodeEgg/node_modules/egg-logrotator/app/schedule/rotate_by_file.js next time will execute after 48936064ms at 2023-02-11 00:00:01.001
2023-02-10 10:24:24,756 INFO 1335 [egg-schedule]: register schedule /Users/HJY/Desktop/work-study/NodeEgg/node_modules/egg-multipart/app/schedule/clean_tmpdir.js
2023-02-10 10:24:24,757 INFO 1335 [egg-schedule]: register schedule /Users/HJY/Desktop/work-study/NodeEgg/node_modules/egg-logrotator/app/schedule/clean_log.js
2023-02-10 10:24:24,757 INFO 1335 [egg-schedule]: register schedule /Users/HJY/Desktop/work-study/NodeEgg/node_modules/egg-logrotator/app/schedule/rotate_by_file.js
2023-02-10 10:25:11,664 INFO 1356 [egg-schedule]: register schedule /Users/HJY/Desktop/work-study/NodeEgg/node_modules/egg-multipart/app/schedule/clean_tmpdir.js
2023-02-10 10:25:11,664 INFO 1356 [egg-schedule]: register schedule /Users/HJY/Desktop/work-study/NodeEgg/node_modules/egg-logrotator/app/schedule/clean_log.js
2023-02-10 10:25:11,664 INFO 1356 [egg-schedule]: register schedule /Users/HJY/Desktop/work-study/NodeEgg/node_modules/egg-logrotator/app/schedule/rotate_by_file.js
2023-02-10 10:25:28,397 INFO 1367 [egg-schedule]: register schedule /Users/HJY/Desktop/work-study/NodeEgg/node_modules/egg-multipart/app/schedule/clean_tmpdir.js
2023-02-10 10:25:28,397 INFO 1367 [egg-schedule]: register schedule /Users/HJY/Desktop/work-study/NodeEgg/node_modules/egg-logrotator/app/schedule/clean_log.js
2023-02-10 10:25:28,397 INFO 1367 [egg-schedule]: register schedule /Users/HJY/Desktop/work-study/NodeEgg/node_modules/egg-logrotator/app/schedule/rotate_by_file.js
2023-02-10 10:33:29,334 INFO 1447 [egg-schedule]: register schedule /Users/HJY/Desktop/work-study/NodeEgg/node_modules/egg-multipart/app/schedule/clean_tmpdir.js
2023-02-10 10:33:29,334 INFO 1447 [egg-schedule]: register schedule /Users/HJY/Desktop/work-study/NodeEgg/node_modules/egg-logrotator/app/schedule/clean_log.js
2023-02-10 10:33:29,334 INFO 1447 [egg-schedule]: register schedule /Users/HJY/Desktop/work-study/NodeEgg/node_modules/egg-logrotator/app/schedule/rotate_by_file.js
2023-02-10 10:33:38,335 INFO 1454 [egg-schedule]: register schedule /Users/HJY/Desktop/work-study/NodeEgg/node_modules/egg-multipart/app/schedule/clean_tmpdir.js
2023-02-10 10:33:38,335 INFO 1454 [egg-schedule]: register schedule /Users/HJY/Desktop/work-study/NodeEgg/node_modules/egg-logrotator/app/schedule/clean_log.js
2023-02-10 10:33:38,335 INFO 1454 [egg-schedule]: register schedule /Users/HJY/Desktop/work-study/NodeEgg/node_modules/egg-logrotator/app/schedule/rotate_by_file.js
2023-02-10 10:34:08,517 INFO 1479 [Timer] /Users/HJY/Desktop/work-study/NodeEgg/node_modules/egg-multipart/app/schedule/clean_tmpdir.js next time will execute after 64551487ms at 2023-02-11 04:30:00.004
2023-02-10 10:34:08,518 INFO 1479 [Timer] /Users/HJY/Desktop/work-study/NodeEgg/node_modules/egg-logrotator/app/schedule/clean_log.js next time will execute after 48351482ms at 2023-02-11 00:00:00.000
2023-02-10 10:34:08,519 INFO 1479 [Timer] /Users/HJY/Desktop/work-study/NodeEgg/node_modules/egg-logrotator/app/schedule/rotate_by_file.js next time will execute after 48352482ms at 2023-02-11 00:00:01.001
2023-02-10 10:34:08,302 INFO 1480 [egg-schedule]: register schedule /Users/HJY/Desktop/work-study/NodeEgg/node_modules/egg-multipart/app/schedule/clean_tmpdir.js
2023-02-10 10:34:08,302 INFO 1480 [egg-schedule]: register schedule /Users/HJY/Desktop/work-study/NodeEgg/node_modules/egg-logrotator/app/schedule/clean_log.js
2023-02-10 10:34:08,302 INFO 1480 [egg-schedule]: register schedule /Users/HJY/Desktop/work-study/NodeEgg/node_modules/egg-logrotator/app/schedule/rotate_by_file.js
2023-02-10 10:34:57,667 INFO 1504 [Timer] /Users/HJY/Desktop/work-study/NodeEgg/node_modules/egg-multipart/app/schedule/clean_tmpdir.js next time will execute after 64502336ms at 2023-02-11 04:30:00.003
2023-02-10 10:34:57,667 INFO 1504 [Timer] /Users/HJY/Desktop/work-study/NodeEgg/node_modules/egg-logrotator/app/schedule/clean_log.js next time will execute after 48302333ms at 2023-02-11 00:00:00.000
2023-02-10 10:34:57,667 INFO 1504 [Timer] /Users/HJY/Desktop/work-study/NodeEgg/node_modules/egg-logrotator/app/schedule/rotate_by_file.js next time will execute after 48303333ms at 2023-02-11 00:00:01.000
2023-02-10 10:34:57,504 INFO 1505 [egg-schedule]: register schedule /Users/HJY/Desktop/work-study/NodeEgg/node_modules/egg-multipart/app/schedule/clean_tmpdir.js
2023-02-10 10:34:57,504 INFO 1505 [egg-schedule]: register schedule /Users/HJY/Desktop/work-study/NodeEgg/node_modules/egg-logrotator/app/schedule/clean_log.js
2023-02-10 10:34:57,504 INFO 1505 [egg-schedule]: register schedule /Users/HJY/Desktop/work-study/NodeEgg/node_modules/egg-logrotator/app/schedule/rotate_by_file.js
2023-02-10 10:36:07,692 INFO 1559 [Timer] /Users/HJY/Desktop/work-study/NodeEgg/node_modules/egg-multipart/app/schedule/clean_tmpdir.js next time will execute after 64432311ms at 2023-02-11 04:30:00.003
2023-02-10 10:36:07,693 INFO 1559 [Timer] /Users/HJY/Desktop/work-study/NodeEgg/node_modules/egg-logrotator/app/schedule/clean_log.js next time will execute after 48232308ms at 2023-02-11 00:00:00.001
2023-02-10 10:36:07,693 INFO 1559 [Timer] /Users/HJY/Desktop/work-study/NodeEgg/node_modules/egg-logrotator/app/schedule/rotate_by_file.js next time will execute after 48233307ms at 2023-02-11 00:00:01.000
2023-02-10 10:36:07,504 INFO 1560 [egg-schedule]: register schedule /Users/HJY/Desktop/work-study/NodeEgg/node_modules/egg-multipart/app/schedule/clean_tmpdir.js
2023-02-10 10:36:07,504 INFO 1560 [egg-schedule]: register schedule /Users/HJY/Desktop/work-study/NodeEgg/node_modules/egg-logrotator/app/schedule/clean_log.js
2023-02-10 10:36:07,504 INFO 1560 [egg-schedule]: register schedule /Users/HJY/Desktop/work-study/NodeEgg/node_modules/egg-logrotator/app/schedule/rotate_by_file.js
2023-02-10 10:37:11,137 INFO 1583 [Timer] /Users/HJY/Desktop/work-study/NodeEgg/node_modules/egg-multipart/app/schedule/clean_tmpdir.js next time will execute after 64368867ms at 2023-02-11 04:30:00.004
2023-02-10 10:37:11,137 INFO 1583 [Timer] /Users/HJY/Desktop/work-study/NodeEgg/node_modules/egg-logrotator/app/schedule/clean_log.js next time will execute after 48168863ms at 2023-02-11 00:00:00.000
2023-02-10 10:37:11,138 INFO 1583 [Timer] /Users/HJY/Desktop/work-study/NodeEgg/node_modules/egg-logrotator/app/schedule/rotate_by_file.js next time will execute after 48169862ms at 2023-02-11 00:00:01.000
2023-02-10 10:37:10,919 INFO 1584 [egg-schedule]: register schedule /Users/HJY/Desktop/work-study/NodeEgg/node_modules/egg-multipart/app/schedule/clean_tmpdir.js
2023-02-10 10:37:10,919 INFO 1584 [egg-schedule]: register schedule /Users/HJY/Desktop/work-study/NodeEgg/node_modules/egg-logrotator/app/schedule/clean_log.js
2023-02-10 10:37:10,920 INFO 1584 [egg-schedule]: register schedule /Users/HJY/Desktop/work-study/NodeEgg/node_modules/egg-logrotator/app/schedule/rotate_by_file.js
2023-02-10 10:38:17,231 INFO 1607 [egg-schedule]: register schedule /Users/HJY/Desktop/work-study/NodeEgg/node_modules/egg-multipart/app/schedule/clean_tmpdir.js
2023-02-10 10:38:17,231 INFO 1607 [egg-schedule]: register schedule /Users/HJY/Desktop/work-study/NodeEgg/node_modules/egg-logrotator/app/schedule/clean_log.js
2023-02-10 10:38:17,231 INFO 1607 [egg-schedule]: register schedule /Users/HJY/Desktop/work-study/NodeEgg/node_modules/egg-logrotator/app/schedule/rotate_by_file.js
2023-02-10 10:40:54,810 INFO 1692 [Timer] /Users/HJY/Desktop/work-study/NodeEgg/node_modules/egg-multipart/app/schedule/clean_tmpdir.js next time will execute after 64145193ms at 2023-02-11 04:30:00.003
2023-02-10 10:40:54,810 INFO 1692 [Timer] /Users/HJY/Desktop/work-study/NodeEgg/node_modules/egg-logrotator/app/schedule/clean_log.js next time will execute after 47945190ms at 2023-02-11 00:00:00.000
2023-02-10 10:40:54,811 INFO 1692 [Timer] /Users/HJY/Desktop/work-study/NodeEgg/node_modules/egg-logrotator/app/schedule/rotate_by_file.js next time will execute after 47946190ms at 2023-02-11 00:00:01.001
2023-02-10 10:40:54,633 INFO 1693 [egg-schedule]: register schedule /Users/HJY/Desktop/work-study/NodeEgg/node_modules/egg-multipart/app/schedule/clean_tmpdir.js
2023-02-10 10:40:54,634 INFO 1693 [egg-schedule]: register schedule /Users/HJY/Desktop/work-study/NodeEgg/node_modules/egg-logrotator/app/schedule/clean_log.js
2023-02-10 10:40:54,634 INFO 1693 [egg-schedule]: register schedule /Users/HJY/Desktop/work-study/NodeEgg/node_modules/egg-logrotator/app/schedule/rotate_by_file.js
2023-02-10 10:41:47,839 INFO 1711 [egg-schedule]: register schedule /Users/HJY/Desktop/work-study/NodeEgg/node_modules/egg-multipart/app/schedule/clean_tmpdir.js
2023-02-10 10:41:47,839 INFO 1711 [egg-schedule]: register schedule /Users/HJY/Desktop/work-study/NodeEgg/node_modules/egg-logrotator/app/schedule/clean_log.js
2023-02-10 10:41:47,839 INFO 1711 [egg-schedule]: register schedule /Users/HJY/Desktop/work-study/NodeEgg/node_modules/egg-logrotator/app/schedule/rotate_by_file.js
2023-02-10 10:42:39,886 INFO 1767 [Timer] /Users/HJY/Desktop/work-study/NodeEgg/node_modules/egg-multipart/app/schedule/clean_tmpdir.js next time will execute after 64040117ms at 2023-02-11 04:30:00.003
2023-02-10 10:42:39,886 INFO 1767 [Timer] /Users/HJY/Desktop/work-study/NodeEgg/node_modules/egg-logrotator/app/schedule/clean_log.js next time will execute after 47840114ms at 2023-02-11 00:00:00.000
2023-02-10 10:42:39,886 INFO 1767 [Timer] /Users/HJY/Desktop/work-study/NodeEgg/node_modules/egg-logrotator/app/schedule/rotate_by_file.js next time will execute after 47841114ms at 2023-02-11 00:00:01.000
2023-02-10 10:42:39,694 INFO 1769 [egg-schedule]: register schedule /Users/HJY/Desktop/work-study/NodeEgg/node_modules/egg-multipart/app/schedule/clean_tmpdir.js
2023-02-10 10:42:39,694 INFO 1769 [egg-schedule]: register schedule /Users/HJY/Desktop/work-study/NodeEgg/node_modules/egg-logrotator/app/schedule/clean_log.js
2023-02-10 10:42:39,694 INFO 1769 [egg-schedule]: register schedule /Users/HJY/Desktop/work-study/NodeEgg/node_modules/egg-logrotator/app/schedule/rotate_by_file.js
2023-02-10 10:43:28,563 INFO 2211 [Timer] /Users/HJY/Desktop/work-study/NodeEgg/node_modules/egg-multipart/app/schedule/clean_tmpdir.js next time will execute after 63991441ms at 2023-02-11 04:30:00.004
2023-02-10 10:43:28,563 INFO 2211 [Timer] /Users/HJY/Desktop/work-study/NodeEgg/node_modules/egg-logrotator/app/schedule/clean_log.js next time will execute after 47791437ms at 2023-02-11 00:00:00.000
2023-02-10 10:43:28,564 INFO 2211 [Timer] /Users/HJY/Desktop/work-study/NodeEgg/node_modules/egg-logrotator/app/schedule/rotate_by_file.js next time will execute after 47792437ms at 2023-02-11 00:00:01.001
2023-02-10 10:43:28,386 INFO 2218 [egg-schedule]: register schedule /Users/HJY/Desktop/work-study/NodeEgg/node_modules/egg-multipart/app/schedule/clean_tmpdir.js
2023-02-10 10:43:28,386 INFO 2218 [egg-schedule]: register schedule /Users/HJY/Desktop/work-study/NodeEgg/node_modules/egg-logrotator/app/schedule/clean_log.js
2023-02-10 10:43:28,386 INFO 2218 [egg-schedule]: register schedule /Users/HJY/Desktop/work-study/NodeEgg/node_modules/egg-logrotator/app/schedule/rotate_by_file.js
2023-02-10 11:40:39,182 INFO 7284 [Timer] /Users/HJY/Desktop/work-study/NodeEgg/node_modules/egg-multipart/app/schedule/clean_tmpdir.js next time will execute after 60560821ms at 2023-02-11 04:30:00.003
2023-02-10 11:40:39,182 INFO 7284 [Timer] /Users/HJY/Desktop/work-study/NodeEgg/node_modules/egg-logrotator/app/schedule/clean_log.js next time will execute after 44360818ms at 2023-02-11 00:00:00.000
2023-02-10 11:40:39,183 INFO 7284 [Timer] /Users/HJY/Desktop/work-study/NodeEgg/node_modules/egg-logrotator/app/schedule/rotate_by_file.js next time will execute after 44361818ms at 2023-02-11 00:00:01.001
2023-02-10 11:40:38,960 INFO 7287 [egg-schedule]: register schedule /Users/HJY/Desktop/work-study/NodeEgg/node_modules/egg-multipart/app/schedule/clean_tmpdir.js
2023-02-10 11:40:38,960 INFO 7287 [egg-schedule]: register schedule /Users/HJY/Desktop/work-study/NodeEgg/node_modules/egg-logrotator/app/schedule/clean_log.js
2023-02-10 11:40:38,960 INFO 7287 [egg-schedule]: register schedule /Users/HJY/Desktop/work-study/NodeEgg/node_modules/egg-logrotator/app/schedule/rotate_by_file.js
2023-02-10 11:41:47,961 INFO 7324 [Timer] /Users/HJY/Desktop/work-study/NodeEgg/node_modules/egg-multipart/app/schedule/clean_tmpdir.js next time will execute after 60492043ms at 2023-02-11 04:30:00.004
2023-02-10 11:41:47,961 INFO 7324 [Timer] /Users/HJY/Desktop/work-study/NodeEgg/node_modules/egg-logrotator/app/schedule/clean_log.js next time will execute after 44292039ms at 2023-02-11 00:00:00.000
2023-02-10 11:41:47,962 INFO 7324 [Timer] /Users/HJY/Desktop/work-study/NodeEgg/node_modules/egg-logrotator/app/schedule/rotate_by_file.js next time will execute after 44293039ms at 2023-02-11 00:00:01.001
2023-02-10 11:41:47,777 INFO 7330 [egg-schedule]: register schedule /Users/HJY/Desktop/work-study/NodeEgg/node_modules/egg-multipart/app/schedule/clean_tmpdir.js
2023-02-10 11:41:47,778 INFO 7330 [egg-schedule]: register schedule /Users/HJY/Desktop/work-study/NodeEgg/node_modules/egg-logrotator/app/schedule/clean_log.js
2023-02-10 11:41:47,778 INFO 7330 [egg-schedule]: register schedule /Users/HJY/Desktop/work-study/NodeEgg/node_modules/egg-logrotator/app/schedule/rotate_by_file.js
2023-02-10 11:46:31,229 INFO 7520 [egg-schedule]: register schedule /Users/HJY/Desktop/work-study/NodeEgg/node_modules/egg-multipart/app/schedule/clean_tmpdir.js
2023-02-10 11:46:31,229 INFO 7520 [egg-schedule]: register schedule /Users/HJY/Desktop/work-study/NodeEgg/node_modules/egg-logrotator/app/schedule/clean_log.js
2023-02-10 11:46:31,229 INFO 7520 [egg-schedule]: register schedule /Users/HJY/Desktop/work-study/NodeEgg/node_modules/egg-logrotator/app/schedule/rotate_by_file.js
2023-02-10 11:48:10,427 INFO 7537 [egg-schedule]: register schedule /Users/HJY/Desktop/work-study/NodeEgg/node_modules/egg-multipart/app/schedule/clean_tmpdir.js
2023-02-10 11:48:10,427 INFO 7537 [egg-schedule]: register schedule /Users/HJY/Desktop/work-study/NodeEgg/node_modules/egg-logrotator/app/schedule/clean_log.js
2023-02-10 11:48:10,427 INFO 7537 [egg-schedule]: register schedule /Users/HJY/Desktop/work-study/NodeEgg/node_modules/egg-logrotator/app/schedule/rotate_by_file.js
2023-02-10 11:48:38,895 INFO 7549 [egg-schedule]: register schedule /Users/HJY/Desktop/work-study/NodeEgg/node_modules/egg-multipart/app/schedule/clean_tmpdir.js
2023-02-10 11:48:38,895 INFO 7549 [egg-schedule]: register schedule /Users/HJY/Desktop/work-study/NodeEgg/node_modules/egg-logrotator/app/schedule/clean_log.js
2023-02-10 11:48:38,895 INFO 7549 [egg-schedule]: register schedule /Users/HJY/Desktop/work-study/NodeEgg/node_modules/egg-logrotator/app/schedule/rotate_by_file.js
2023-02-10 11:49:41,327 INFO 7558 [egg-schedule]: register schedule /Users/HJY/Desktop/work-study/NodeEgg/node_modules/egg-multipart/app/schedule/clean_tmpdir.js
2023-02-10 11:49:41,327 INFO 7558 [egg-schedule]: register schedule /Users/HJY/Desktop/work-study/NodeEgg/node_modules/egg-logrotator/app/schedule/clean_log.js
2023-02-10 11:49:41,327 INFO 7558 [egg-schedule]: register schedule /Users/HJY/Desktop/work-study/NodeEgg/node_modules/egg-logrotator/app/schedule/rotate_by_file.js
2023-02-10 11:49:54,987 INFO 7570 [egg-schedule]: register schedule /Users/HJY/Desktop/work-study/NodeEgg/node_modules/egg-multipart/app/schedule/clean_tmpdir.js
2023-02-10 11:49:54,987 INFO 7570 [egg-schedule]: register schedule /Users/HJY/Desktop/work-study/NodeEgg/node_modules/egg-logrotator/app/schedule/clean_log.js
2023-02-10 11:49:54,987 INFO 7570 [egg-schedule]: register schedule /Users/HJY/Desktop/work-study/NodeEgg/node_modules/egg-logrotator/app/schedule/rotate_by_file.js
2023-02-10 11:50:55,606 INFO 7584 [egg-schedule]: register schedule /Users/HJY/Desktop/work-study/NodeEgg/node_modules/egg-multipart/app/schedule/clean_tmpdir.js
2023-02-10 11:50:55,606 INFO 7584 [egg-schedule]: register schedule /Users/HJY/Desktop/work-study/NodeEgg/node_modules/egg-logrotator/app/schedule/clean_log.js
2023-02-10 11:50:55,606 INFO 7584 [egg-schedule]: register schedule /Users/HJY/Desktop/work-study/NodeEgg/node_modules/egg-logrotator/app/schedule/rotate_by_file.js
2023-02-10 12:18:07,363 INFO 8047 [egg-schedule]: register schedule /Users/HJY/Desktop/work-study/NodeEgg/node_modules/egg-multipart/app/schedule/clean_tmpdir.js
2023-02-10 12:18:07,363 INFO 8047 [egg-schedule]: register schedule /Users/HJY/Desktop/work-study/NodeEgg/node_modules/egg-logrotator/app/schedule/clean_log.js
2023-02-10 12:18:07,363 INFO 8047 [egg-schedule]: register schedule /Users/HJY/Desktop/work-study/NodeEgg/node_modules/egg-logrotator/app/schedule/rotate_by_file.js
2023-02-10 12:18:58,782 INFO 8058 [egg-schedule]: register schedule /Users/HJY/Desktop/work-study/NodeEgg/node_modules/egg-multipart/app/schedule/clean_tmpdir.js
2023-02-10 12:18:58,782 INFO 8058 [egg-schedule]: register schedule /Users/HJY/Desktop/work-study/NodeEgg/node_modules/egg-logrotator/app/schedule/clean_log.js
2023-02-10 12:18:58,782 INFO 8058 [egg-schedule]: register schedule /Users/HJY/Desktop/work-study/NodeEgg/node_modules/egg-logrotator/app/schedule/rotate_by_file.js
2023-02-10 12:19:42,313 INFO 8080 [egg-schedule]: register schedule /Users/HJY/Desktop/work-study/NodeEgg/node_modules/egg-multipart/app/schedule/clean_tmpdir.js
2023-02-10 12:19:42,313 INFO 8080 [egg-schedule]: register schedule /Users/HJY/Desktop/work-study/NodeEgg/node_modules/egg-logrotator/app/schedule/clean_log.js
2023-02-10 12:19:42,313 INFO 8080 [egg-schedule]: register schedule /Users/HJY/Desktop/work-study/NodeEgg/node_modules/egg-logrotator/app/schedule/rotate_by_file.js
2023-02-10 12:19:55,781 INFO 8090 [egg-schedule]: register schedule /Users/HJY/Desktop/work-study/NodeEgg/node_modules/egg-multipart/app/schedule/clean_tmpdir.js
2023-02-10 12:19:55,781 INFO 8090 [egg-schedule]: register schedule /Users/HJY/Desktop/work-study/NodeEgg/node_modules/egg-logrotator/app/schedule/clean_log.js
2023-02-10 12:19:55,781 INFO 8090 [egg-schedule]: register schedule /Users/HJY/Desktop/work-study/NodeEgg/node_modules/egg-logrotator/app/schedule/rotate_by_file.js
2023-02-10 12:20:13,812 INFO 8098 [egg-schedule]: register schedule /Users/HJY/Desktop/work-study/NodeEgg/node_modules/egg-multipart/app/schedule/clean_tmpdir.js
2023-02-10 12:20:13,812 INFO 8098 [egg-schedule]: register schedule /Users/HJY/Desktop/work-study/NodeEgg/node_modules/egg-logrotator/app/schedule/clean_log.js
2023-02-10 12:20:13,812 INFO 8098 [egg-schedule]: register schedule /Users/HJY/Desktop/work-study/NodeEgg/node_modules/egg-logrotator/app/schedule/rotate_by_file.js
2023-02-10 12:21:21,650 INFO 8108 [egg-schedule]: register schedule /Users/HJY/Desktop/work-study/NodeEgg/node_modules/egg-multipart/app/schedule/clean_tmpdir.js
2023-02-10 12:21:21,650 INFO 8108 [egg-schedule]: register schedule /Users/HJY/Desktop/work-study/NodeEgg/node_modules/egg-logrotator/app/schedule/clean_log.js
2023-02-10 12:21:21,650 INFO 8108 [egg-schedule]: register schedule /Users/HJY/Desktop/work-study/NodeEgg/node_modules/egg-logrotator/app/schedule/rotate_by_file.js
2023-02-10 12:21:48,639 INFO 8121 [egg-schedule]: register schedule /Users/HJY/Desktop/work-study/NodeEgg/node_modules/egg-multipart/app/schedule/clean_tmpdir.js
2023-02-10 12:21:48,639 INFO 8121 [egg-schedule]: register schedule /Users/HJY/Desktop/work-study/NodeEgg/node_modules/egg-logrotator/app/schedule/clean_log.js
2023-02-10 12:21:48,639 INFO 8121 [egg-schedule]: register schedule /Users/HJY/Desktop/work-study/NodeEgg/node_modules/egg-logrotator/app/schedule/rotate_by_file.js
2023-02-10 12:22:08,557 INFO 8126 [egg-schedule]: register schedule /Users/HJY/Desktop/work-study/NodeEgg/node_modules/egg-multipart/app/schedule/clean_tmpdir.js
2023-02-10 12:22:08,557 INFO 8126 [egg-schedule]: register schedule /Users/HJY/Desktop/work-study/NodeEgg/node_modules/egg-logrotator/app/schedule/clean_log.js
2023-02-10 12:22:08,557 INFO 8126 [egg-schedule]: register schedule /Users/HJY/Desktop/work-study/NodeEgg/node_modules/egg-logrotator/app/schedule/rotate_by_file.js
2023-02-10 12:22:14,194 INFO 8130 [egg-schedule]: register schedule /Users/HJY/Desktop/work-study/NodeEgg/node_modules/egg-multipart/app/schedule/clean_tmpdir.js
2023-02-10 12:22:14,194 INFO 8130 [egg-schedule]: register schedule /Users/HJY/Desktop/work-study/NodeEgg/node_modules/egg-logrotator/app/schedule/clean_log.js
2023-02-10 12:22:14,194 INFO 8130 [egg-schedule]: register schedule /Users/HJY/Desktop/work-study/NodeEgg/node_modules/egg-logrotator/app/schedule/rotate_by_file.js
2023-02-10 12:23:45,140 INFO 8148 [egg-schedule]: register schedule /Users/HJY/Desktop/work-study/NodeEgg/node_modules/egg-multipart/app/schedule/clean_tmpdir.js
2023-02-10 12:23:45,140 INFO 8148 [egg-schedule]: register schedule /Users/HJY/Desktop/work-study/NodeEgg/node_modules/egg-logrotator/app/schedule/clean_log.js
2023-02-10 12:23:45,140 INFO 8148 [egg-schedule]: register schedule /Users/HJY/Desktop/work-study/NodeEgg/node_modules/egg-logrotator/app/schedule/rotate_by_file.js
2023-02-10 12:27:22,072 INFO 8176 [egg-schedule]: register schedule /Users/HJY/Desktop/work-study/NodeEgg/node_modules/egg-multipart/app/schedule/clean_tmpdir.js
2023-02-10 12:27:22,072 INFO 8176 [egg-schedule]: register schedule /Users/HJY/Desktop/work-study/NodeEgg/node_modules/egg-logrotator/app/schedule/clean_log.js
2023-02-10 12:27:22,072 INFO 8176 [egg-schedule]: register schedule /Users/HJY/Desktop/work-study/NodeEgg/node_modules/egg-logrotator/app/schedule/rotate_by_file.js
2023-02-10 12:28:00,643 INFO 8198 [egg-schedule]: register schedule /Users/HJY/Desktop/work-study/NodeEgg/node_modules/egg-multipart/app/schedule/clean_tmpdir.js
2023-02-10 12:28:00,643 INFO 8198 [egg-schedule]: register schedule /Users/HJY/Desktop/work-study/NodeEgg/node_modules/egg-logrotator/app/schedule/clean_log.js
2023-02-10 12:28:00,643 INFO 8198 [egg-schedule]: register schedule /Users/HJY/Desktop/work-study/NodeEgg/node_modules/egg-logrotator/app/schedule/rotate_by_file.js
2023-02-10 12:31:49,945 INFO 8233 [egg-schedule]: register schedule /Users/HJY/Desktop/work-study/NodeEgg/node_modules/egg-multipart/app/schedule/clean_tmpdir.js
2023-02-10 12:31:49,945 INFO 8233 [egg-schedule]: register schedule /Users/HJY/Desktop/work-study/NodeEgg/node_modules/egg-logrotator/app/schedule/clean_log.js
2023-02-10 12:31:49,945 INFO 8233 [egg-schedule]: register schedule /Users/HJY/Desktop/work-study/NodeEgg/node_modules/egg-logrotator/app/schedule/rotate_by_file.js
2023-02-10 12:32:43,490 INFO 8256 [egg-schedule]: register schedule /Users/HJY/Desktop/work-study/NodeEgg/node_modules/egg-multipart/app/schedule/clean_tmpdir.js
2023-02-10 12:32:43,490 INFO 8256 [egg-schedule]: register schedule /Users/HJY/Desktop/work-study/NodeEgg/node_modules/egg-logrotator/app/schedule/clean_log.js
2023-02-10 12:32:43,490 INFO 8256 [egg-schedule]: register schedule /Users/HJY/Desktop/work-study/NodeEgg/node_modules/egg-logrotator/app/schedule/rotate_by_file.js
2023-02-10 12:33:34,138 INFO 8273 [egg-schedule]: register schedule /Users/HJY/Desktop/work-study/NodeEgg/node_modules/egg-multipart/app/schedule/clean_tmpdir.js
2023-02-10 12:33:34,138 INFO 8273 [egg-schedule]: register schedule /Users/HJY/Desktop/work-study/NodeEgg/node_modules/egg-logrotator/app/schedule/clean_log.js
2023-02-10 12:33:34,138 INFO 8273 [egg-schedule]: register schedule /Users/HJY/Desktop/work-study/NodeEgg/node_modules/egg-logrotator/app/schedule/rotate_by_file.js
2023-02-10 12:42:34,574 INFO 8497 [egg-schedule]: register schedule /Users/HJY/Desktop/work-study/NodeEgg/node_modules/egg-multipart/app/schedule/clean_tmpdir.js
2023-02-10 12:42:34,574 INFO 8497 [egg-schedule]: register schedule /Users/HJY/Desktop/work-study/NodeEgg/node_modules/egg-logrotator/app/schedule/clean_log.js
2023-02-10 12:42:34,574 INFO 8497 [egg-schedule]: register schedule /Users/HJY/Desktop/work-study/NodeEgg/node_modules/egg-logrotator/app/schedule/rotate_by_file.js
2023-02-10 12:42:34,729 INFO 8494 [Timer] /Users/HJY/Desktop/work-study/NodeEgg/node_modules/egg-multipart/app/schedule/clean_tmpdir.js next time will execute after 56845273ms at 2023-02-11 04:30:00.002
2023-02-10 12:42:34,730 INFO 8494 [Timer] /Users/HJY/Desktop/work-study/NodeEgg/node_modules/egg-logrotator/app/schedule/clean_log.js next time will execute after 40645271ms at 2023-02-11 00:00:00.001
2023-02-10 12:42:34,730 INFO 8494 [Timer] /Users/HJY/Desktop/work-study/NodeEgg/node_modules/egg-logrotator/app/schedule/rotate_by_file.js next time will execute after 40646270ms at 2023-02-11 00:00:01.000
2023-02-10 12:47:05,184 INFO 8534 [egg-schedule]: register schedule /Users/HJY/Desktop/work-study/NodeEgg/node_modules/egg-multipart/app/schedule/clean_tmpdir.js
2023-02-10 12:47:05,184 INFO 8534 [egg-schedule]: register schedule /Users/HJY/Desktop/work-study/NodeEgg/node_modules/egg-logrotator/app/schedule/clean_log.js
2023-02-10 12:47:05,184 INFO 8534 [egg-schedule]: register schedule /Users/HJY/Desktop/work-study/NodeEgg/node_modules/egg-logrotator/app/schedule/rotate_by_file.js
2023-02-10 12:47:16,890 INFO 8545 [egg-schedule]: register schedule /Users/HJY/Desktop/work-study/NodeEgg/node_modules/egg-multipart/app/schedule/clean_tmpdir.js
2023-02-10 12:47:16,890 INFO 8545 [egg-schedule]: register schedule /Users/HJY/Desktop/work-study/NodeEgg/node_modules/egg-logrotator/app/schedule/clean_log.js
2023-02-10 12:47:16,890 INFO 8545 [egg-schedule]: register schedule /Users/HJY/Desktop/work-study/NodeEgg/node_modules/egg-logrotator/app/schedule/rotate_by_file.js
2023-02-10 12:53:09,158 INFO 8592 [egg-schedule]: register schedule /Users/HJY/Desktop/work-study/NodeEgg/node_modules/egg-multipart/app/schedule/clean_tmpdir.js
2023-02-10 12:53:09,158 INFO 8592 [egg-schedule]: register schedule /Users/HJY/Desktop/work-study/NodeEgg/node_modules/egg-logrotator/app/schedule/clean_log.js
2023-02-10 12:53:09,158 INFO 8592 [egg-schedule]: register schedule /Users/HJY/Desktop/work-study/NodeEgg/node_modules/egg-logrotator/app/schedule/rotate_by_file.js
2023-02-10 12:53:25,854 INFO 8602 [egg-schedule]: register schedule /Users/HJY/Desktop/work-study/NodeEgg/node_modules/egg-multipart/app/schedule/clean_tmpdir.js
2023-02-10 12:53:25,854 INFO 8602 [egg-schedule]: register schedule /Users/HJY/Desktop/work-study/NodeEgg/node_modules/egg-logrotator/app/schedule/clean_log.js
2023-02-10 12:53:25,854 INFO 8602 [egg-schedule]: register schedule /Users/HJY/Desktop/work-study/NodeEgg/node_modules/egg-logrotator/app/schedule/rotate_by_file.js
2023-02-10 12:54:07,916 INFO 8623 [egg-schedule]: register schedule /Users/HJY/Desktop/work-study/NodeEgg/node_modules/egg-multipart/app/schedule/clean_tmpdir.js
2023-02-10 12:54:07,916 INFO 8623 [egg-schedule]: register schedule /Users/HJY/Desktop/work-study/NodeEgg/node_modules/egg-logrotator/app/schedule/clean_log.js
2023-02-10 12:54:07,916 INFO 8623 [egg-schedule]: register schedule /Users/HJY/Desktop/work-study/NodeEgg/node_modules/egg-logrotator/app/schedule/rotate_by_file.js
2023-02-10 12:54:59,049 INFO 8642 [egg-schedule]: register schedule /Users/HJY/Desktop/work-study/NodeEgg/node_modules/egg-multipart/app/schedule/clean_tmpdir.js
2023-02-10 12:54:59,050 INFO 8642 [egg-schedule]: register schedule /Users/HJY/Desktop/work-study/NodeEgg/node_modules/egg-logrotator/app/schedule/clean_log.js
2023-02-10 12:54:59,050 INFO 8642 [egg-schedule]: register schedule /Users/HJY/Desktop/work-study/NodeEgg/node_modules/egg-logrotator/app/schedule/rotate_by_file.js
2023-02-10 12:55:45,802 INFO 8662 [egg-schedule]: register schedule /Users/HJY/Desktop/work-study/NodeEgg/node_modules/egg-multipart/app/schedule/clean_tmpdir.js
2023-02-10 12:55:45,802 INFO 8662 [egg-schedule]: register schedule /Users/HJY/Desktop/work-study/NodeEgg/node_modules/egg-logrotator/app/schedule/clean_log.js
2023-02-10 12:55:45,802 INFO 8662 [egg-schedule]: register schedule /Users/HJY/Desktop/work-study/NodeEgg/node_modules/egg-logrotator/app/schedule/rotate_by_file.js
2023-02-10 12:55:59,952 INFO 8674 [egg-schedule]: register schedule /Users/HJY/Desktop/work-study/NodeEgg/node_modules/egg-multipart/app/schedule/clean_tmpdir.js
2023-02-10 12:55:59,952 INFO 8674 [egg-schedule]: register schedule /Users/HJY/Desktop/work-study/NodeEgg/node_modules/egg-logrotator/app/schedule/clean_log.js
2023-02-10 12:55:59,952 INFO 8674 [egg-schedule]: register schedule /Users/HJY/Desktop/work-study/NodeEgg/node_modules/egg-logrotator/app/schedule/rotate_by_file.js
2023-02-10 12:56:15,829 INFO 8680 [egg-schedule]: register schedule /Users/HJY/Desktop/work-study/NodeEgg/node_modules/egg-multipart/app/schedule/clean_tmpdir.js
2023-02-10 12:56:15,829 INFO 8680 [egg-schedule]: register schedule /Users/HJY/Desktop/work-study/NodeEgg/node_modules/egg-logrotator/app/schedule/clean_log.js
2023-02-10 12:56:15,829 INFO 8680 [egg-schedule]: register schedule /Users/HJY/Desktop/work-study/NodeEgg/node_modules/egg-logrotator/app/schedule/rotate_by_file.js
2023-02-10 14:22:11,167 INFO 9283 [egg-schedule]: register schedule /Users/HJY/Desktop/work-study/NodeEgg/node_modules/egg-multipart/app/schedule/clean_tmpdir.js
2023-02-10 14:22:11,167 INFO 9283 [egg-schedule]: register schedule /Users/HJY/Desktop/work-study/NodeEgg/node_modules/egg-logrotator/app/schedule/clean_log.js
2023-02-10 14:22:11,167 INFO 9283 [egg-schedule]: register schedule /Users/HJY/Desktop/work-study/NodeEgg/node_modules/egg-logrotator/app/schedule/rotate_by_file.js
2023-02-10 14:22:17,746 INFO 9290 [egg-schedule]: register schedule /Users/HJY/Desktop/work-study/NodeEgg/node_modules/egg-multipart/app/schedule/clean_tmpdir.js
2023-02-10 14:22:17,746 INFO 9290 [egg-schedule]: register schedule /Users/HJY/Desktop/work-study/NodeEgg/node_modules/egg-logrotator/app/schedule/clean_log.js
2023-02-10 14:22:17,746 INFO 9290 [egg-schedule]: register schedule /Users/HJY/Desktop/work-study/NodeEgg/node_modules/egg-logrotator/app/schedule/rotate_by_file.js
2023-02-10 14:23:52,576 INFO 9302 [egg-schedule]: register schedule /Users/HJY/Desktop/work-study/NodeEgg/node_modules/egg-multipart/app/schedule/clean_tmpdir.js
2023-02-10 14:23:52,576 INFO 9302 [egg-schedule]: register schedule /Users/HJY/Desktop/work-study/NodeEgg/node_modules/egg-logrotator/app/schedule/clean_log.js
2023-02-10 14:23:52,576 INFO 9302 [egg-schedule]: register schedule /Users/HJY/Desktop/work-study/NodeEgg/node_modules/egg-logrotator/app/schedule/rotate_by_file.js
2023-02-10 14:25:39,974 INFO 9324 [egg-schedule]: register schedule /Users/HJY/Desktop/work-study/NodeEgg/node_modules/egg-multipart/app/schedule/clean_tmpdir.js
2023-02-10 14:25:39,974 INFO 9324 [egg-schedule]: register schedule /Users/HJY/Desktop/work-study/NodeEgg/node_modules/egg-logrotator/app/schedule/clean_log.js
2023-02-10 14:25:39,974 INFO 9324 [egg-schedule]: register schedule /Users/HJY/Desktop/work-study/NodeEgg/node_modules/egg-logrotator/app/schedule/rotate_by_file.js
2023-02-10 14:25:43,940 INFO 9329 [egg-schedule]: register schedule /Users/HJY/Desktop/work-study/NodeEgg/node_modules/egg-multipart/app/schedule/clean_tmpdir.js
2023-02-10 14:25:43,940 INFO 9329 [egg-schedule]: register schedule /Users/HJY/Desktop/work-study/NodeEgg/node_modules/egg-logrotator/app/schedule/clean_log.js
2023-02-10 14:25:43,940 INFO 9329 [egg-schedule]: register schedule /Users/HJY/Desktop/work-study/NodeEgg/node_modules/egg-logrotator/app/schedule/rotate_by_file.js
2023-02-10 14:25:45,644 INFO 9330 [egg-schedule]: register schedule /Users/HJY/Desktop/work-study/NodeEgg/node_modules/egg-multipart/app/schedule/clean_tmpdir.js
2023-02-10 14:25:45,644 INFO 9330 [egg-schedule]: register schedule /Users/HJY/Desktop/work-study/NodeEgg/node_modules/egg-logrotator/app/schedule/clean_log.js
2023-02-10 14:25:45,644 INFO 9330 [egg-schedule]: register schedule /Users/HJY/Desktop/work-study/NodeEgg/node_modules/egg-logrotator/app/schedule/rotate_by_file.js
2023-02-10 14:27:22,393 INFO 9348 [egg-schedule]: register schedule /Users/HJY/Desktop/work-study/NodeEgg/node_modules/egg-multipart/app/schedule/clean_tmpdir.js
2023-02-10 14:27:22,393 INFO 9348 [egg-schedule]: register schedule /Users/HJY/Desktop/work-study/NodeEgg/node_modules/egg-logrotator/app/schedule/clean_log.js
2023-02-10 14:27:22,393 INFO 9348 [egg-schedule]: register schedule /Users/HJY/Desktop/work-study/NodeEgg/node_modules/egg-logrotator/app/schedule/rotate_by_file.js
2023-02-10 14:28:07,676 INFO 9366 [egg-schedule]: register schedule /Users/HJY/Desktop/work-study/NodeEgg/node_modules/egg-multipart/app/schedule/clean_tmpdir.js
2023-02-10 14:28:07,676 INFO 9366 [egg-schedule]: register schedule /Users/HJY/Desktop/work-study/NodeEgg/node_modules/egg-logrotator/app/schedule/clean_log.js
2023-02-10 14:28:07,676 INFO 9366 [egg-schedule]: register schedule /Users/HJY/Desktop/work-study/NodeEgg/node_modules/egg-logrotator/app/schedule/rotate_by_file.js
2023-02-10 14:41:34,307 INFO 9435 [egg-schedule]: register schedule /Users/HJY/Desktop/work-study/NodeEgg/node_modules/egg-multipart/app/schedule/clean_tmpdir.js
2023-02-10 14:41:34,307 INFO 9435 [egg-schedule]: register schedule /Users/HJY/Desktop/work-study/NodeEgg/node_modules/egg-logrotator/app/schedule/clean_log.js
2023-02-10 14:41:34,307 INFO 9435 [egg-schedule]: register schedule /Users/HJY/Desktop/work-study/NodeEgg/node_modules/egg-logrotator/app/schedule/rotate_by_file.js
2023-02-10 14:45:38,739 INFO 9474 [egg-schedule]: register schedule /Users/HJY/Desktop/work-study/NodeEgg/node_modules/egg-multipart/app/schedule/clean_tmpdir.js
2023-02-10 14:45:38,739 INFO 9474 [egg-schedule]: register schedule /Users/HJY/Desktop/work-study/NodeEgg/node_modules/egg-logrotator/app/schedule/clean_log.js
2023-02-10 14:45:38,739 INFO 9474 [egg-schedule]: register schedule /Users/HJY/Desktop/work-study/NodeEgg/node_modules/egg-logrotator/app/schedule/rotate_by_file.js
2023-02-10 14:46:13,529 INFO 9484 [egg-schedule]: register schedule /Users/HJY/Desktop/work-study/NodeEgg/node_modules/egg-multipart/app/schedule/clean_tmpdir.js
2023-02-10 14:46:13,529 INFO 9484 [egg-schedule]: register schedule /Users/HJY/Desktop/work-study/NodeEgg/node_modules/egg-logrotator/app/schedule/clean_log.js
2023-02-10 14:46:13,529 INFO 9484 [egg-schedule]: register schedule /Users/HJY/Desktop/work-study/NodeEgg/node_modules/egg-logrotator/app/schedule/rotate_by_file.js
2023-02-10 14:46:57,970 INFO 9500 [egg-schedule]: register schedule /Users/HJY/Desktop/work-study/NodeEgg/node_modules/egg-multipart/app/schedule/clean_tmpdir.js
2023-02-10 14:46:57,970 INFO 9500 [egg-schedule]: register schedule /Users/HJY/Desktop/work-study/NodeEgg/node_modules/egg-logrotator/app/schedule/clean_log.js
2023-02-10 14:46:57,970 INFO 9500 [egg-schedule]: register schedule /Users/HJY/Desktop/work-study/NodeEgg/node_modules/egg-logrotator/app/schedule/rotate_by_file.js
2023-02-10 14:50:53,701 INFO 9533 [egg-schedule]: register schedule /Users/HJY/Desktop/work-study/NodeEgg/node_modules/egg-multipart/app/schedule/clean_tmpdir.js
2023-02-10 14:50:53,701 INFO 9533 [egg-schedule]: register schedule /Users/HJY/Desktop/work-study/NodeEgg/node_modules/egg-logrotator/app/schedule/clean_log.js
2023-02-10 14:50:53,701 INFO 9533 [egg-schedule]: register schedule /Users/HJY/Desktop/work-study/NodeEgg/node_modules/egg-logrotator/app/schedule/rotate_by_file.js
2023-02-10 15:04:14,028 INFO 9591 [egg-schedule]: register schedule /Users/HJY/Desktop/work-study/NodeEgg/node_modules/egg-multipart/app/schedule/clean_tmpdir.js
2023-02-10 15:04:14,028 INFO 9591 [egg-schedule]: register schedule /Users/HJY/Desktop/work-study/NodeEgg/node_modules/egg-logrotator/app/schedule/clean_log.js
2023-02-10 15:04:14,028 INFO 9591 [egg-schedule]: register schedule /Users/HJY/Desktop/work-study/NodeEgg/node_modules/egg-logrotator/app/schedule/rotate_by_file.js
2023-02-10 15:21:05,008 INFO 9706 [egg-schedule]: register schedule /Users/HJY/Desktop/work-study/NodeEgg/node_modules/egg-multipart/app/schedule/clean_tmpdir.js
2023-02-10 15:21:05,008 INFO 9706 [egg-schedule]: register schedule /Users/HJY/Desktop/work-study/NodeEgg/node_modules/egg-logrotator/app/schedule/clean_log.js
2023-02-10 15:21:05,008 INFO 9706 [egg-schedule]: register schedule /Users/HJY/Desktop/work-study/NodeEgg/node_modules/egg-logrotator/app/schedule/rotate_by_file.js
2023-02-10 15:23:15,934 INFO 9722 [egg-schedule]: register schedule /Users/HJY/Desktop/work-study/NodeEgg/node_modules/egg-multipart/app/schedule/clean_tmpdir.js
2023-02-10 15:23:15,934 INFO 9722 [egg-schedule]: register schedule /Users/HJY/Desktop/work-study/NodeEgg/node_modules/egg-logrotator/app/schedule/clean_log.js
2023-02-10 15:23:15,934 INFO 9722 [egg-schedule]: register schedule /Users/HJY/Desktop/work-study/NodeEgg/node_modules/egg-logrotator/app/schedule/rotate_by_file.js
2023-02-10 15:23:37,216 INFO 9735 [egg-schedule]: register schedule /Users/HJY/Desktop/work-study/NodeEgg/node_modules/egg-multipart/app/schedule/clean_tmpdir.js
2023-02-10 15:23:37,216 INFO 9735 [egg-schedule]: register schedule /Users/HJY/Desktop/work-study/NodeEgg/node_modules/egg-logrotator/app/schedule/clean_log.js
2023-02-10 15:23:37,216 INFO 9735 [egg-schedule]: register schedule /Users/HJY/Desktop/work-study/NodeEgg/node_modules/egg-logrotator/app/schedule/rotate_by_file.js
2023-02-10 15:24:01,997 INFO 9741 [egg-schedule]: register schedule /Users/HJY/Desktop/work-study/NodeEgg/node_modules/egg-multipart/app/schedule/clean_tmpdir.js
2023-02-10 15:24:01,997 INFO 9741 [egg-schedule]: register schedule /Users/HJY/Desktop/work-study/NodeEgg/node_modules/egg-logrotator/app/schedule/clean_log.js
2023-02-10 15:24:01,997 INFO 9741 [egg-schedule]: register schedule /Users/HJY/Desktop/work-study/NodeEgg/node_modules/egg-logrotator/app/schedule/rotate_by_file.js
2023-02-10 15:24:44,525 INFO 9755 [egg-schedule]: register schedule /Users/HJY/Desktop/work-study/NodeEgg/node_modules/egg-multipart/app/schedule/clean_tmpdir.js
2023-02-10 15:24:44,525 INFO 9755 [egg-schedule]: register schedule /Users/HJY/Desktop/work-study/NodeEgg/node_modules/egg-logrotator/app/schedule/clean_log.js
2023-02-10 15:24:44,525 INFO 9755 [egg-schedule]: register schedule /Users/HJY/Desktop/work-study/NodeEgg/node_modules/egg-logrotator/app/schedule/rotate_by_file.js
2023-02-10 15:25:10,837 INFO 9767 [egg-schedule]: register schedule /Users/HJY/Desktop/work-study/NodeEgg/node_modules/egg-multipart/app/schedule/clean_tmpdir.js
2023-02-10 15:25:10,837 INFO 9767 [egg-schedule]: register schedule /Users/HJY/Desktop/work-study/NodeEgg/node_modules/egg-logrotator/app/schedule/clean_log.js
2023-02-10 15:25:10,837 INFO 9767 [egg-schedule]: register schedule /Users/HJY/Desktop/work-study/NodeEgg/node_modules/egg-logrotator/app/schedule/rotate_by_file.js
2023-02-10 15:25:39,182 INFO 9772 [egg-schedule]: register schedule /Users/HJY/Desktop/work-study/NodeEgg/node_modules/egg-multipart/app/schedule/clean_tmpdir.js
2023-02-10 15:25:39,182 INFO 9772 [egg-schedule]: register schedule /Users/HJY/Desktop/work-study/NodeEgg/node_modules/egg-logrotator/app/schedule/clean_log.js
2023-02-10 15:25:39,182 INFO 9772 [egg-schedule]: register schedule /Users/HJY/Desktop/work-study/NodeEgg/node_modules/egg-logrotator/app/schedule/rotate_by_file.js
2023-02-10 15:26:15,292 INFO 9778 [egg-schedule]: register schedule /Users/HJY/Desktop/work-study/NodeEgg/node_modules/egg-multipart/app/schedule/clean_tmpdir.js
2023-02-10 15:26:15,292 INFO 9778 [egg-schedule]: register schedule /Users/HJY/Desktop/work-study/NodeEgg/node_modules/egg-logrotator/app/schedule/clean_log.js
2023-02-10 15:26:15,292 INFO 9778 [egg-schedule]: register schedule /Users/HJY/Desktop/work-study/NodeEgg/node_modules/egg-logrotator/app/schedule/rotate_by_file.js
2023-02-10 15:26:39,198 INFO 9783 [egg-schedule]: register schedule /Users/HJY/Desktop/work-study/NodeEgg/node_modules/egg-multipart/app/schedule/clean_tmpdir.js
2023-02-10 15:26:39,198 INFO 9783 [egg-schedule]: register schedule /Users/HJY/Desktop/work-study/NodeEgg/node_modules/egg-logrotator/app/schedule/clean_log.js
2023-02-10 15:26:39,198 INFO 9783 [egg-schedule]: register schedule /Users/HJY/Desktop/work-study/NodeEgg/node_modules/egg-logrotator/app/schedule/rotate_by_file.js
2023-02-10 15:27:18,918 INFO 9792 [egg-schedule]: register schedule /Users/HJY/Desktop/work-study/NodeEgg/node_modules/egg-multipart/app/schedule/clean_tmpdir.js
2023-02-10 15:27:18,918 INFO 9792 [egg-schedule]: register schedule /Users/HJY/Desktop/work-study/NodeEgg/node_modules/egg-logrotator/app/schedule/clean_log.js
2023-02-10 15:27:18,918 INFO 9792 [egg-schedule]: register schedule /Users/HJY/Desktop/work-study/NodeEgg/node_modules/egg-logrotator/app/schedule/rotate_by_file.js
2023-02-10 15:28:31,129 INFO 9808 [egg-schedule]: register schedule /Users/HJY/Desktop/work-study/NodeEgg/node_modules/egg-multipart/app/schedule/clean_tmpdir.js
2023-02-10 15:28:31,129 INFO 9808 [egg-schedule]: register schedule /Users/HJY/Desktop/work-study/NodeEgg/node_modules/egg-logrotator/app/schedule/clean_log.js
2023-02-10 15:28:31,129 INFO 9808 [egg-schedule]: register schedule /Users/HJY/Desktop/work-study/NodeEgg/node_modules/egg-logrotator/app/schedule/rotate_by_file.js
2023-02-10 15:28:58,261 INFO 9824 [egg-schedule]: register schedule /Users/HJY/Desktop/work-study/NodeEgg/node_modules/egg-multipart/app/schedule/clean_tmpdir.js
2023-02-10 15:28:58,261 INFO 9824 [egg-schedule]: register schedule /Users/HJY/Desktop/work-study/NodeEgg/node_modules/egg-logrotator/app/schedule/clean_log.js
2023-02-10 15:28:58,261 INFO 9824 [egg-schedule]: register schedule /Users/HJY/Desktop/work-study/NodeEgg/node_modules/egg-logrotator/app/schedule/rotate_by_file.js
2023-02-10 15:57:01,831 INFO 10158 [egg-schedule]: register schedule /Users/HJY/Desktop/work-study/NodeEgg/node_modules/egg-multipart/app/schedule/clean_tmpdir.js
2023-02-10 15:57:01,831 INFO 10158 [egg-schedule]: register schedule /Users/HJY/Desktop/work-study/NodeEgg/node_modules/egg-logrotator/app/schedule/clean_log.js
2023-02-10 15:57:01,831 INFO 10158 [egg-schedule]: register schedule /Users/HJY/Desktop/work-study/NodeEgg/node_modules/egg-logrotator/app/schedule/rotate_by_file.js
2023-02-10 15:57:48,353 INFO 10177 [egg-schedule]: register schedule /Users/HJY/Desktop/work-study/NodeEgg/node_modules/egg-multipart/app/schedule/clean_tmpdir.js
2023-02-10 15:57:48,353 INFO 10177 [egg-schedule]: register schedule /Users/HJY/Desktop/work-study/NodeEgg/node_modules/egg-logrotator/app/schedule/clean_log.js
2023-02-10 15:57:48,353 INFO 10177 [egg-schedule]: register schedule /Users/HJY/Desktop/work-study/NodeEgg/node_modules/egg-logrotator/app/schedule/rotate_by_file.js
2023-02-13 10:03:05,575 INFO 967 [Timer] /Users/HJY/Desktop/work-study/NodeEgg/node_modules/egg-multipart/app/schedule/clean_tmpdir.js next time will execute after 66414428ms at 2023-02-14 04:30:00.003
2023-02-13 10:03:05,576 INFO 967 [Timer] /Users/HJY/Desktop/work-study/NodeEgg/node_modules/egg-logrotator/app/schedule/clean_log.js next time will execute after 50214425ms at 2023-02-14 00:00:00.001
2023-02-13 10:03:05,576 INFO 967 [Timer] /Users/HJY/Desktop/work-study/NodeEgg/node_modules/egg-logrotator/app/schedule/rotate_by_file.js next time will execute after 50215424ms at 2023-02-14 00:00:01.000
2023-02-13 10:03:05,275 INFO 968 [egg-schedule]: register schedule /Users/HJY/Desktop/work-study/NodeEgg/node_modules/egg-multipart/app/schedule/clean_tmpdir.js
2023-02-13 10:03:05,275 INFO 968 [egg-schedule]: register schedule /Users/HJY/Desktop/work-study/NodeEgg/node_modules/egg-logrotator/app/schedule/clean_log.js
2023-02-13 10:03:05,275 INFO 968 [egg-schedule]: register schedule /Users/HJY/Desktop/work-study/NodeEgg/node_modules/egg-logrotator/app/schedule/rotate_by_file.js
2023-02-13 10:06:03,874 INFO 1025 [egg-schedule]: register schedule /Users/HJY/Desktop/work-study/NodeEgg/node_modules/egg-multipart/app/schedule/clean_tmpdir.js
2023-02-13 10:06:03,874 INFO 1025 [egg-schedule]: register schedule /Users/HJY/Desktop/work-study/NodeEgg/node_modules/egg-logrotator/app/schedule/clean_log.js
2023-02-13 10:06:03,874 INFO 1025 [egg-schedule]: register schedule /Users/HJY/Desktop/work-study/NodeEgg/node_modules/egg-logrotator/app/schedule/rotate_by_file.js
2023-02-13 10:06:49,482 INFO 1042 [egg-schedule]: register schedule /Users/HJY/Desktop/work-study/NodeEgg/node_modules/egg-multipart/app/schedule/clean_tmpdir.js
2023-02-13 10:06:49,482 INFO 1042 [egg-schedule]: register schedule /Users/HJY/Desktop/work-study/NodeEgg/node_modules/egg-logrotator/app/schedule/clean_log.js
2023-02-13 10:06:49,482 INFO 1042 [egg-schedule]: register schedule /Users/HJY/Desktop/work-study/NodeEgg/node_modules/egg-logrotator/app/schedule/rotate_by_file.js
