[2023-02-10 14:27:23.548][9348][/model1/detail]Hello World

[2023-02-10 14:27:25.649][9348][/model1/detail]Hello World

[2023-02-10 14:27:33.281][9348][/model1/detail]Hello World

[2023-02-10 14:28:08.077][9366][/model1/detail]Hello World

[2023-02-10 14:28:14.601][9366][/model1/detail]Hello World

[2023-02-10 14:46:14.604][9484][/model1/detail]Hello World

[2023-02-10 14:47:01.659][9500][/model1/list]Hello World

[2023-02-10 15:21:17.021][9706][/model1/detail]Hello World

[2023-02-10 15:23:39.534][userID:9735][/model1/detail]Hello World

[2023-02-10 15:24:11.988][userID:9741][methodType:GET][/model1/detail]Hello World

[2023-02-10 15:24:45.554][userID:9755][methodType:GET][/model1/detail]Hello World

[2023-02-10 15:25:14.010][userID:9767][Type:GET][/model1/detail]Hello World

[2023-02-10 15:25:41.556][userID:9772][Type:GET][/model1/detail]Hello World

[2023-02-10 15:26:17.590][userID:9778][Type:GET][/model1/detail]Hello World

[2023-02-10 15:26:42.963][userID:9783][Type:GET][/model1/detail]Hello World

[2023-02-10 15:27:22.445][userID:9792][GET][/model1/detail]Hello World

[2023-02-10 15:28:33.134][userID:9808][POST][/model1/list]Hello World

[2023-02-10 15:55:48.504][userID:9824][GET][/model1/detail]Hello World

[2023-02-10 15:57:50.304][userID:10177][GET][/model1/detail]success

[2023-02-10 15:58:14.714][userID:10177][POST][/model1/list]success

[2023-02-10 16:03:04.161][userID:10177][POST][/model1/list]success

[2023-02-10 16:03:08.423][userID:10177][POST][/model1/list]success

[2023-02-13 10:04:57.613][userID:968][GET][/model1/detail]success

[2023-02-13 10:05:35.103][userID:968][GET][/model1/detail]success

[2023-02-13 10:06:04.823][userID:1025][GET][/model1/detail]success

